ちくしょー まったく［おもてー］ぜ　いったい何がはいってんのかな 第1部 ディオの棺桶を運搬する男 何が入っているのか気になるもの（箱、容器、ロッカー等）を見たときに。
或いは、それらを担いだり運びながら
*** done ***
［ディオォォオオ］ーーーーッ
君がッ 泣くまで 殴るのをやめないッ！ 第1部 ジョナサン 相手が泣き出すまで容赦なくフルボッコにするときに
*** done ***
やったッ！命中だッ！しゃぶれッ！おれの［剣］をしゃぶれッ！このドグサレがッ！ 第3部 ポルナレフ 相手の口に何かを突っ込んでやったときに
*** done ***
忘れっぽいならよォー…メモっておけよなぁー　几帳面によぉ～～ 第4部 東方仗助 忘れっぽい人にメモを取るようアドバイスするときに
*** done ***
ここは、［地球］ですか？ 第4部 支倉未起隆 未知の惑星に降り立ったときに
*** done ***
酒！飲まずにはいられないッ！ 第1部 ディオ 飲まなきゃやってられないときに
*** done ***
無敵の［『スタープラチナ』］でなんとかしてくださいよォーーー！ 第4部 東方仗助 何かに何とかしてほしいときに
*** done ***
我が［ドイツ］の［医学薬学］は世界一ィィィ！ 第2部 シュトロハイム 何かが世界一であることを誇るときに
*** done ***
［ジョセフ・ジョースター！］
きさま！見ているなッ！ 第3部 DIO 誰かに見られているときに
*** done ***
初めての相手は［ジョジョ］ではないッ！このディオだッ！―――――ッ 第1部 ディオ 誰かの彼女を奪ってやったときに
よってくんじゃあねェーッ 第5部 チョコラータ 近寄って欲しくないときに
ボラーレ・ヴィーア 第5部 ナランチャ 相手を派手にぶっ飛ばしてやったときに
さ…………最後の……［エメラルド・スプラッシュ］…
メ…ッセージ…で…す…これが…せい…いっぱい…です
［ジョースター］…さん　受け取って…ください…伝わって………ください…… 第3部 花京院典明 死の間際に重要なメッセージを遺していくときに
去ってしまった者たちから受け継いだものは、さらに『先』に進めなくてはならない！！ 第5部 ジョルノ 仕事やしきたり、大事なもの等を新たに引き継いだときに
*** done ***
このヘアースタイルが［サザエさん］みてェーだとォ？ 第4部 東方仗助 髪型が誰かに似てると言われたときに
*** done ***
さあな、何の事だ？　わからないな…［DIO］ 第3部 空条承太郎 相手の問いかけに「知らない」と答えるとき
*** done ***
